{1:F01SCBLHKHHXXXX0047100003}{2:O9400800190524SCBLHKHHXXXX00471000031905240800N}{3:{108:00000000000188}}{4:
:20:19052403fr309537
:25:44700908725
:28C:12
:60F:C190523HKD0,00
:62F:C190523HKD0,00
:64:C190523HKD0,00
-}{5:{CHK:CHECKSUM DISABLED}{MAC:MACCING DISABLED}}
{1:F01SCBLHKHHXXXX0047100003}{2:O9400800190524SCBLHKHHXXXX00471000031905240800N}{3:{108:00000000000188}}{4:
:20:19052403fr309537
:25:44700908733
:28C:12
:60F:C190523USD0,00
:62F:C190523USD0,00
:64:C190523USD0,00
-}{5:{CHK:CHECKSUM DISABLED}{MAC:MACCING DISABLED}}
{1:F01SCBLHKHHXXXX0047100003}{2:O9400800190524SCBLHKHHXXXX00471000031905240800N}{3:{108:00000000000188}}{4:
:20:19052403fr309537
:25:44700908741
:28C:12
:60F:C190523AUD0,00
:62F:C190523AUD0,00
:64:C190523AUD0,00
-}{5:{CHK:CHECKSUM DISABLED}{MAC:MACCING DISABLED}}
{1:F01SCBLHKHHXXXX0047100003}{2:O9400800190524SCBLHKHHXXXX00471000031905240800N}{3:{108:00000000000188}}{4:
:20:19052403fr309537
:25:44700908768
:28C:12
:60F:C190523EUR0,00
:62F:C190523EUR0,00
:64:C190523EUR0,00
-}{5:{CHK:CHECKSUM DISABLED}{MAC:MACCING DISABLED}}
{1:F01SCBLHKHHXXXX0047100003}{2:O9400800190524SCBLHKHHXXXX00471000031905240800N}{3:{108:00000000000188}}{4:
:20:19052403fr309537
:25:44700908776
:28C:12
:60F:C190523CNY0,00
:62F:C190523CNY0,00
:64:C190523CNY0,00
-}{5:{CHK:CHECKSUM DISABLED}{MAC:MACCING DISABLED}}
{1:F01SCBLHKHHXXXX0047100003}{2:O9400800190524SCBLHKHHXXXX00471000031905240800N}{3:{108:00000000000188}}{4:
:20:19052403fr309537
:25:44719094162
:28C:12
:60F:C190523HKD0,00
:62F:C190523HKD0,00
:64:C190523HKD0,00
-}{5:{CHK:CHECKSUM DISABLED}{MAC:MACCING DISABLED}}
{1:F01SCBLHKHHXXXX0047100003}{2:O9400800190524SCBLHKHHXXXX00471000031905240800N}{3:{108:00000000000188}}{4:
:20:19052403fr309537
:25:44719094170
:28C:12
:60F:C190523USD0,00
:62F:C190523USD0,00
:64:C190523USD0,00
-}{5:{CHK:CHECKSUM DISABLED}{MAC:MACCING DISABLED}}
{1:F01SCBLHKHHXXXX0047100003}{2:O9400800190524SCBLHKHHXXXX00471000031905240800N}{3:{108:00000000000188}}{4:
:20:19052403fr309537
:25:44719094189
:28C:12
:60F:C190523AUD0,00
:62F:C190523AUD0,00
:64:C190523AUD0,00
-}{5:{CHK:CHECKSUM DISABLED}{MAC:MACCING DISABLED}}
{1:F01SCBLHKHHXXXX0047100003}{2:O9400800190524SCBLHKHHXXXX00471000031905240800N}{3:{108:00000000000188}}{4:
:20:19052403fr309537
:25:44719094197
:28C:12
:60F:C190523EUR0,00
:62F:C190523EUR0,00
:64:C190523EUR0,00
-}{5:{CHK:CHECKSUM DISABLED}{MAC:MACCING DISABLED}}
{1:F01SCBLHKHHXXXX0047100003}{2:O9400800190524SCBLHKHHXXXX00471000031905240800N}{3:{108:00000000000188}}{4:
:20:19052403fr309537
:25:44719094200
:28C:12
:60F:C190523CNY0,00
:62F:C190523CNY0,00
:64:C190523CNY0,00
-}{5:{CHK:CHECKSUM DISABLED}{MAC:MACCING DISABLED}}